2024-03-18 21:37:56,432 INFO: 
2024-03-18 21:37:56,432 INFO: Logging run of `manage.py simple_deploy`...
2024-03-18 21:37:56,432 INFO: Created /Users/timmy/Documents/Professional/pcm-test-dep/simple_deploy_logs.
2024-03-18 21:37:56,433 INFO: 
2024-03-18 21:37:56,439 INFO: CLI args: {'verbosity': 1, 'settings': None, 'pythonpath': None, 'traceback': False, 'no_color': False, 'force_color': False, 'platform': 'fly_io', 'automate_all': True, 'no_logging': False, 'ignore_unclean_git': False, 'deployed_project_name': '', 'region': 'us-3.platform.sh', 'unit_testing': False, 'integration_testing': False}
2024-03-18 21:37:56,485 INFO:   Deployment target: fly_io
2024-03-18 21:37:56,890 INFO: 
2024-03-18 21:37:56,890 INFO: ***** Support for Fly.io is in the preliminary phase ***
2024-03-18 21:37:56,892 INFO: 
2024-03-18 21:37:56,892 INFO: - Support for deploying to Fly.io is in the preliminary phase at this point.
2024-03-18 21:37:56,892 INFO: - You should only be using this project to deploy to Fly.io at this point if
2024-03-18 21:37:56,892 INFO:   you are interested in helping to develop or test the simple_deploy project.
2024-03-18 21:37:56,892 INFO: - You should look at the deploy_flyio.py script before running this command,
2024-03-18 21:37:56,892 INFO:   so you know what kinds of changes will be made to your project.
2024-03-18 21:37:56,892 INFO: - You should understand the Fly.io console, and be comfortable deleting resources
2024-03-18 21:37:56,892 INFO:   that are created during this deployment.
2024-03-18 21:37:56,892 INFO: - You may want to cancel this run and deploy to a different platform.
2024-03-18 21:37:56,893 INFO: 
2024-03-18 21:37:56,893 INFO: Are you sure you want to do this? (yes|no) 
2024-03-18 21:38:08,801 INFO: yes
2024-03-18 21:38:08,801 INFO:   Continuing with Fly.io deployment...
2024-03-18 21:38:08,801 INFO:   Local platform identified: macOS
2024-03-18 21:38:08,801 INFO:   Project name: config
2024-03-18 21:38:08,801 INFO:   Project root: /Users/timmy/Documents/Professional/pcm-test-dep
2024-03-18 21:38:08,802 INFO: 
2024-03-18 21:38:08,802 INFO: SimpleDeployCommandError:
2024-03-18 21:38:08,803 INFO: Could not find a .git/ directory.
2024-03-18 21:38:08,803 INFO:   Looked in /Users/timmy/Documents/Professional/pcm-test-dep and in /Users/timmy/Documents/Professional.
