2024-03-18 21:41:26,590 INFO: 
2024-03-18 21:41:26,591 INFO: Logging run of `manage.py simple_deploy`...
2024-03-18 21:41:26,591 INFO: 
2024-03-18 21:41:26,591 INFO: CLI args: {'verbosity': 1, 'settings': None, 'pythonpath': None, 'traceback': False, 'no_color': False, 'force_color': False, 'platform': 'fly_io', 'automate_all': True, 'no_logging': False, 'ignore_unclean_git': False, 'deployed_project_name': '', 'region': 'us-3.platform.sh', 'unit_testing': False, 'integration_testing': False}
2024-03-18 21:41:26,591 INFO:   Deployment target: fly_io
2024-03-18 21:41:27,016 INFO: 
2024-03-18 21:41:27,017 INFO: ***** Support for Fly.io is in the preliminary phase ***
2024-03-18 21:41:27,017 INFO: 
2024-03-18 21:41:27,017 INFO: - Support for deploying to Fly.io is in the preliminary phase at this point.
2024-03-18 21:41:27,017 INFO: - You should only be using this project to deploy to Fly.io at this point if
2024-03-18 21:41:27,019 INFO:   you are interested in helping to develop or test the simple_deploy project.
2024-03-18 21:41:27,019 INFO: - You should look at the deploy_flyio.py script before running this command,
2024-03-18 21:41:27,020 INFO:   so you know what kinds of changes will be made to your project.
2024-03-18 21:41:27,020 INFO: - You should understand the Fly.io console, and be comfortable deleting resources
2024-03-18 21:41:27,020 INFO:   that are created during this deployment.
2024-03-18 21:41:27,020 INFO: - You may want to cancel this run and deploy to a different platform.
2024-03-18 21:41:27,020 INFO: 
2024-03-18 21:41:27,020 INFO: Are you sure you want to do this? (yes|no) 
2024-03-18 21:41:28,143 INFO: yes
2024-03-18 21:41:28,143 INFO:   Continuing with Fly.io deployment...
2024-03-18 21:41:28,143 INFO:   Local platform identified: macOS
2024-03-18 21:41:28,144 INFO:   Project name: config
2024-03-18 21:41:28,144 INFO:   Project root: /Users/timmy/Documents/Professional/pcm-test-dep
2024-03-18 21:41:28,146 INFO:   Found .git dir at /Users/timmy/Documents/Professional/pcm-test-dep.
2024-03-18 21:41:28,263 INFO: 
2024-03-18 21:41:28,264 INFO: git status:
2024-03-18 21:41:28,264 INFO: On branch main
2024-03-18 21:41:28,264 INFO: Your branch is up to date with 'origin/main'.
2024-03-18 21:41:28,265 INFO: 
2024-03-18 21:41:28,265 INFO: Untracked files:
2024-03-18 21:41:28,265 INFO:   (use "git add <file>..." to include in what will be committed)
2024-03-18 21:41:28,265 INFO: 	simple_deploy_logs/simple_deploy_2024-03-18-214126.log
2024-03-18 21:41:28,265 INFO: 
2024-03-18 21:41:28,265 INFO: nothing added to commit but untracked files present (use "git add" to track)
2024-03-18 21:41:28,346 INFO: 
2024-03-18 21:41:28,346 INFO: SimpleDeployCommandError:
2024-03-18 21:41:28,346 INFO: 
2024-03-18 21:41:28,346 INFO: The output of `git status` indicates that you have uncommitted changes.
2024-03-18 21:41:28,346 INFO: 
2024-03-18 21:41:28,346 INFO: We highly recommend you commit all changes before running simple_deploy, so
2024-03-18 21:41:28,347 INFO: you can easily undo configuration changes if deployment doesn't work, or if you
2024-03-18 21:41:28,347 INFO: wish to deploy to a different platform.
2024-03-18 21:41:28,347 INFO: 
2024-03-18 21:41:28,347 INFO: Please commit all changes and then run simple_deploy again. If you really wish
2024-03-18 21:41:28,347 INFO: to continue without committing current changes, you can use
2024-03-18 21:41:28,348 INFO: the --ignore-unclean-git flag.
2024-03-18 21:41:28,348 INFO: 
2024-03-18 21:41:28,348 INFO: It's especially important to have a clean status when using the --automate-all
2024-03-18 21:41:28,348 INFO: flag. In this case, simple_deploy will make commits on your behalf. It's a
2024-03-18 21:41:28,348 INFO: really good idea to keep your commits separate from the commits that simple_deploy
2024-03-18 21:41:28,348 INFO: makes.
