2024-03-18 21:38:27,071 INFO: 
2024-03-18 21:38:27,071 INFO: Logging run of `manage.py simple_deploy`...
2024-03-18 21:38:27,071 INFO: 
2024-03-18 21:38:27,072 INFO: CLI args: {'verbosity': 1, 'settings': None, 'pythonpath': None, 'traceback': False, 'no_color': False, 'force_color': False, 'platform': 'fly_io', 'automate_all': True, 'no_logging': False, 'ignore_unclean_git': False, 'deployed_project_name': '', 'region': 'us-3.platform.sh', 'unit_testing': False, 'integration_testing': False}
2024-03-18 21:38:27,072 INFO:   Deployment target: fly_io
2024-03-18 21:38:27,360 INFO: 
2024-03-18 21:38:27,361 INFO: ***** Support for Fly.io is in the preliminary phase ***
2024-03-18 21:38:27,361 INFO: 
2024-03-18 21:38:27,361 INFO: - Support for deploying to Fly.io is in the preliminary phase at this point.
2024-03-18 21:38:27,361 INFO: - You should only be using this project to deploy to Fly.io at this point if
2024-03-18 21:38:27,361 INFO:   you are interested in helping to develop or test the simple_deploy project.
2024-03-18 21:38:27,361 INFO: - You should look at the deploy_flyio.py script before running this command,
2024-03-18 21:38:27,361 INFO:   so you know what kinds of changes will be made to your project.
2024-03-18 21:38:27,362 INFO: - You should understand the Fly.io console, and be comfortable deleting resources
2024-03-18 21:38:27,362 INFO:   that are created during this deployment.
2024-03-18 21:38:27,362 INFO: - You may want to cancel this run and deploy to a different platform.
2024-03-18 21:38:27,362 INFO: 
2024-03-18 21:38:27,362 INFO: Are you sure you want to do this? (yes|no) 
2024-03-18 21:38:29,202 INFO: yes
2024-03-18 21:38:29,202 INFO:   Continuing with Fly.io deployment...
2024-03-18 21:38:29,203 INFO:   Local platform identified: macOS
2024-03-18 21:38:29,203 INFO:   Project name: config
2024-03-18 21:38:29,203 INFO:   Project root: /Users/timmy/Documents/Professional/pcm-test-dep
2024-03-18 21:38:29,204 INFO:   Found .git dir at /Users/timmy/Documents/Professional/pcm-test-dep.
2024-03-18 21:38:29,246 INFO: 
2024-03-18 21:38:29,247 INFO: git status:
2024-03-18 21:38:29,251 INFO: On branch master
2024-03-18 21:38:29,251 INFO: 
2024-03-18 21:38:29,251 INFO: No commits yet
2024-03-18 21:38:29,251 INFO: 
2024-03-18 21:38:29,252 INFO: Untracked files:
2024-03-18 21:38:29,252 INFO:   (use "git add <file>..." to include in what will be committed)
2024-03-18 21:38:29,252 INFO: 	config/
2024-03-18 21:38:29,252 INFO: 	manage.py
2024-03-18 21:38:29,252 INFO: 	simple_deploy_logs/
2024-03-18 21:38:29,252 INFO: 
2024-03-18 21:38:29,252 INFO: nothing added to commit but untracked files present (use "git add" to track)
2024-03-18 21:38:29,319 INFO: 
2024-03-18 21:38:29,319 INFO: SimpleDeployCommandError:
2024-03-18 21:38:29,320 INFO: 
2024-03-18 21:38:29,320 INFO: The output of `git status` indicates that you have uncommitted changes.
2024-03-18 21:38:29,320 INFO: 
2024-03-18 21:38:29,320 INFO: We highly recommend you commit all changes before running simple_deploy, so
2024-03-18 21:38:29,320 INFO: you can easily undo configuration changes if deployment doesn't work, or if you
2024-03-18 21:38:29,320 INFO: wish to deploy to a different platform.
2024-03-18 21:38:29,320 INFO: 
2024-03-18 21:38:29,320 INFO: Please commit all changes and then run simple_deploy again. If you really wish
2024-03-18 21:38:29,320 INFO: to continue without committing current changes, you can use
2024-03-18 21:38:29,320 INFO: the --ignore-unclean-git flag.
2024-03-18 21:38:29,320 INFO: 
2024-03-18 21:38:29,320 INFO: It's especially important to have a clean status when using the --automate-all
2024-03-18 21:38:29,320 INFO: flag. In this case, simple_deploy will make commits on your behalf. It's a
2024-03-18 21:38:29,320 INFO: really good idea to keep your commits separate from the commits that simple_deploy
2024-03-18 21:38:29,320 INFO: makes.
